2025-11-20 13:02:43 [error]: Error: write EPIPE
    at afterWriteDispatched (node:internal/stream_base_commons:159:15)
    at writeGeneric (node:internal/stream_base_commons:150:3)
    at Socket._writeGeneric (node:net:971:11)
    at Socket._write (node:net:983:8)
    at writeOrBuffer (node:internal/streams/writable:572:12)
    at _write (node:internal/streams/writable:501:10)
    at Writable.write (node:internal/streams/writable:510:10)
    at Console.log (/home/ranap/Documents/RailwayProject/node_modules/winston/lib/winston/transports/console.js:87:23)
    at Console._write (/home/ranap/Documents/RailwayProject/node_modules/winston-transport/modern.js:103:17)
    at doWrite (/home/ranap/Documents/RailwayProject/node_modules/readable-stream/lib/_stream_writable.js:390:139)
2025-11-23 01:38:47 [error]: Error: write EPIPE
    at afterWriteDispatched (node:internal/stream_base_commons:159:15)
    at writeGeneric (node:internal/stream_base_commons:150:3)
    at Socket._writeGeneric (node:net:971:11)
    at Socket._write (node:net:983:8)
    at writeOrBuffer (node:internal/streams/writable:572:12)
    at _write (node:internal/streams/writable:501:10)
    at Writable.write (node:internal/streams/writable:510:10)
    at Console.log (/home/ranap/Documents/RailwayProject/node_modules/winston/lib/winston/transports/console.js:87:23)
    at Console._write (/home/ranap/Documents/RailwayProject/node_modules/winston-transport/modern.js:103:17)
    at doWrite (/home/ranap/Documents/RailwayProject/node_modules/readable-stream/lib/_stream_writable.js:390:139)
